c:\users\pythonp\desktop\battlefield1_shitexternalesp-main\bf1-external\r5reloaded_external\x64\release\vc143.pdb
c:\users\pythonp\desktop\battlefield1_shitexternalesp-main\bf1-external\r5reloaded_external\x64\release\memory.obj
c:\users\pythonp\desktop\battlefield1_shitexternalesp-main\bf1-external\r5reloaded_external\x64\release\config.obj
c:\users\pythonp\desktop\battlefield1_shitexternalesp-main\bf1-external\r5reloaded_external\x64\release\overlay.obj
c:\users\pythonp\desktop\battlefield1_shitexternalesp-main\bf1-external\r5reloaded_external\x64\release\mouse.obj
c:\users\pythonp\desktop\battlefield1_shitexternalesp-main\bf1-external\r5reloaded_external\x64\release\main.obj
c:\users\pythonp\desktop\battlefield1_shitexternalesp-main\bf1-external\r5reloaded_external\x64\release\imgui_widgets.obj
c:\users\pythonp\desktop\battlefield1_shitexternalesp-main\bf1-external\r5reloaded_external\x64\release\imgui_tables.obj
c:\users\pythonp\desktop\battlefield1_shitexternalesp-main\bf1-external\r5reloaded_external\x64\release\imgui_impl_win32.obj
c:\users\pythonp\desktop\battlefield1_shitexternalesp-main\bf1-external\r5reloaded_external\x64\release\imgui_impl_dx11.obj
c:\users\pythonp\desktop\battlefield1_shitexternalesp-main\bf1-external\r5reloaded_external\x64\release\imgui_draw.obj
c:\users\pythonp\desktop\battlefield1_shitexternalesp-main\bf1-external\r5reloaded_external\x64\release\imgui_demo.obj
c:\users\pythonp\desktop\battlefield1_shitexternalesp-main\bf1-external\r5reloaded_external\x64\release\imgui.obj
c:\users\pythonp\desktop\battlefield1_shitexternalesp-main\bf1-external\r5reloaded_external\x64\release\customed.obj
c:\users\pythonp\desktop\battlefield1_shitexternalesp-main\bf1-external\x64\release\bf1_external.exe
c:\users\pythonp\desktop\battlefield1_shitexternalesp-main\bf1-external\r5reloaded_external\x64\release\bf1_external.ipdb
c:\users\pythonp\desktop\battlefield1_shitexternalesp-main\bf1-external\x64\release\bf1_external.pdb
c:\users\pythonp\desktop\battlefield1_shitexternalesp-main\bf1-external\r5reloaded_external\x64\release\bf1_external.iobj
c:\users\pythonp\desktop\battlefield1_shitexternalesp-main\bf1-external\r5reloaded_external\x64\release\bf1_external.tlog\cl.command.1.tlog
c:\users\pythonp\desktop\battlefield1_shitexternalesp-main\bf1-external\r5reloaded_external\x64\release\bf1_external.tlog\cl.read.1.tlog
c:\users\pythonp\desktop\battlefield1_shitexternalesp-main\bf1-external\r5reloaded_external\x64\release\bf1_external.tlog\cl.write.1.tlog
c:\users\pythonp\desktop\battlefield1_shitexternalesp-main\bf1-external\r5reloaded_external\x64\release\bf1_external.tlog\link.command.1.tlog
c:\users\pythonp\desktop\battlefield1_shitexternalesp-main\bf1-external\r5reloaded_external\x64\release\bf1_external.tlog\link.read.1.tlog
c:\users\pythonp\desktop\battlefield1_shitexternalesp-main\bf1-external\r5reloaded_external\x64\release\bf1_external.tlog\link.write.1.tlog
